<?xml version="1.0" encoding="UTF-8"?>
<!-- Generated by org.testng.reporters.JUnitReportReporter -->
<testsuite hostname="otywin-17" name="com.formsdirectinc.qa.app.registration.RegistrationTest" tests="1" failures="0" timestamp="30 Sep 2016 12:46:10 GMT" time="1.752" errors="0">
  <testcase name="test" time="1.752" classname="com.formsdirectinc.qa.app.registration.RegistrationTest"/>
</testsuite> <!-- com.formsdirectinc.qa.app.registration.RegistrationTest -->
