<?xml version="1.0" encoding="UTF-8"?>
<!-- Generated by org.testng.reporters.JUnitReportReporter -->
<testsuite hostname="otywin-17" name="com.formsdirectinc.qa.app.registration.RegistrationTest" tests="1" failures="0" timestamp="21 Sep 2016 12:26:16 GMT" time="11.890" errors="0">
  <testcase name="test" time="11.890" classname="com.formsdirectinc.qa.app.registration.RegistrationTest"/>
</testsuite> <!-- com.formsdirectinc.qa.app.registration.RegistrationTest -->
